05/30/2023 05:53:46 PM: INFO: Applicable driver not found; attempting to install with Selenium Manager (Beta)
05/30/2023 05:53:48 PM: INFO: ********Test_001_Login**********
05/30/2023 05:53:48 PM: INFO: ********test_homePageTitle**********
05/30/2023 05:53:50 PM: INFO: ********test_homePageTitle Passed**********
05/30/2023 05:53:50 PM: INFO: Applicable driver not found; attempting to install with Selenium Manager (Beta)
05/30/2023 05:53:51 PM: INFO: ********Test_001_Login**********
05/30/2023 05:53:51 PM: INFO: ********test_login**********
05/30/2023 05:53:55 PM: INFO: ********test_login Passed**********
05/30/2023 05:54:12 PM: INFO: Applicable driver not found; attempting to install with Selenium Manager (Beta)
05/30/2023 05:54:13 PM: INFO: ********Test_001_Login**********
05/30/2023 05:54:13 PM: INFO: ********test_homePageTitle**********
05/30/2023 05:54:16 PM: INFO: ********test_homePageTitle Passed**********
05/30/2023 05:54:16 PM: INFO: Applicable driver not found; attempting to install with Selenium Manager (Beta)
05/30/2023 05:54:17 PM: INFO: ********Test_001_Login**********
05/30/2023 05:54:17 PM: INFO: ********test_login**********
05/30/2023 05:54:22 PM: ERROR: ********test_login Failed**********
05/30/2023 06:01:57 PM: INFO: Applicable driver not found; attempting to install with Selenium Manager (Beta)
05/30/2023 06:01:58 PM: INFO: ********Test_001_Login**********
05/30/2023 06:01:58 PM: INFO: ********test_homePageTitle**********
05/30/2023 06:02:00 PM: INFO: ********test_homePageTitle Passed**********
05/30/2023 06:02:01 PM: INFO: Applicable driver not found; attempting to install with Selenium Manager (Beta)
05/30/2023 06:02:02 PM: INFO: ********Test_001_Login**********
05/30/2023 06:02:02 PM: INFO: ********test_login**********
05/30/2023 06:02:07 PM: INFO: ********test_login Passed**********
05/30/2023 06:03:53 PM: INFO: Applicable driver not found; attempting to install with Selenium Manager (Beta)
05/30/2023 06:03:55 PM: INFO: ********Test_001_Login**********
05/30/2023 06:03:55 PM: INFO: ********test_homePageTitle**********
05/30/2023 06:03:56 PM: INFO: ********test_homePageTitle Passed**********
05/30/2023 06:03:57 PM: INFO: Applicable driver not found; attempting to install with Selenium Manager (Beta)
05/30/2023 06:03:58 PM: INFO: ********Test_001_Login**********
05/30/2023 06:03:58 PM: INFO: ********test_login**********
05/30/2023 06:04:03 PM: INFO: ********test_login Passed**********
05/30/2023 06:04:13 PM: INFO: Applicable driver not found; attempting to install with Selenium Manager (Beta)
05/30/2023 06:04:22 PM: INFO: ********Test_001_Login**********
05/30/2023 06:04:22 PM: INFO: ********test_homePageTitle**********
05/30/2023 06:04:25 PM: INFO: ********test_homePageTitle Passed**********
05/30/2023 06:04:26 PM: INFO: Applicable driver not found; attempting to install with Selenium Manager (Beta)
05/30/2023 06:04:31 PM: INFO: ********Test_001_Login**********
05/30/2023 06:04:31 PM: INFO: ********test_login**********
05/30/2023 06:04:37 PM: INFO: ********test_login Passed**********
05/30/2023 06:04:54 PM: INFO: Applicable driver not found; attempting to install with Selenium Manager (Beta)
05/30/2023 06:05:00 PM: INFO: ********Test_001_Login**********
05/30/2023 06:05:00 PM: INFO: ********test_homePageTitle**********
05/30/2023 06:05:02 PM: INFO: ********test_homePageTitle Passed**********
05/30/2023 06:05:02 PM: INFO: Applicable driver not found; attempting to install with Selenium Manager (Beta)
05/30/2023 06:05:06 PM: INFO: ********Test_001_Login**********
05/30/2023 06:05:06 PM: INFO: ********test_login**********
05/30/2023 06:05:11 PM: INFO: ********test_login Passed**********
05/30/2023 06:06:18 PM: INFO: Applicable driver not found; attempting to install with Selenium Manager (Beta)
05/30/2023 06:06:19 PM: INFO: ********Test_001_Login**********
05/30/2023 06:06:19 PM: INFO: ********test_homePageTitle**********
05/30/2023 06:06:21 PM: INFO: ********test_homePageTitle Passed**********
05/30/2023 06:06:21 PM: INFO: Applicable driver not found; attempting to install with Selenium Manager (Beta)
05/30/2023 06:06:23 PM: INFO: ********Test_001_Login**********
05/30/2023 06:06:23 PM: INFO: ********test_login**********
05/30/2023 06:06:27 PM: INFO: ********test_login Passed**********
05/30/2023 06:08:43 PM: INFO: Applicable driver not found; attempting to install with Selenium Manager (Beta)
05/30/2023 06:08:43 PM: INFO: Applicable driver not found; attempting to install with Selenium Manager (Beta)
05/30/2023 06:08:45 PM: INFO: ********Test_001_Login**********
05/30/2023 06:08:45 PM: INFO: ********test_login**********
05/30/2023 06:08:45 PM: INFO: ********Test_001_Login**********
05/30/2023 06:08:45 PM: INFO: ********test_homePageTitle**********
05/30/2023 06:08:48 PM: INFO: ********test_homePageTitle Passed**********
05/30/2023 06:08:51 PM: INFO: ********test_login Passed**********
05/30/2023 07:45:58 PM: INFO: Applicable driver not found; attempting to install with Selenium Manager (Beta)
05/30/2023 07:46:00 PM: INFO: ********Test_001_Login**********
05/30/2023 07:46:00 PM: INFO: ********test_login**********
05/30/2023 07:46:00 PM: INFO: ********Test_001_Login**********
05/30/2023 07:46:00 PM: INFO: ********test_homePageTitle**********
05/30/2023 07:46:04 PM: INFO: ********test_homePageTitle Passed**********
05/30/2023 07:46:07 PM: INFO: ********test_login Passed**********
05/30/2023 07:47:41 PM: INFO: Applicable driver not found; attempting to install with Selenium Manager (Beta)
05/30/2023 07:47:41 PM: INFO: Applicable driver not found; attempting to install with Selenium Manager (Beta)
05/30/2023 07:47:43 PM: INFO: ********Test_001_Login**********
05/30/2023 07:47:43 PM: INFO: ********test_login**********
05/30/2023 07:47:43 PM: INFO: ********Test_001_Login**********
05/30/2023 07:47:43 PM: INFO: ********test_homePageTitle**********
05/30/2023 07:47:46 PM: INFO: ********test_homePageTitle Passed**********
05/30/2023 07:47:49 PM: INFO: ********test_login Passed**********
05/30/2023 08:13:41 PM: INFO: Applicable driver not found; attempting to install with Selenium Manager (Beta)
05/30/2023 08:13:43 PM: INFO: ********Test_002_DDT_Login**********
05/30/2023 08:13:43 PM: INFO: ********test_login_ddt**********
05/30/2023 08:13:59 PM: INFO: ******** Passed **********
05/30/2023 08:14:05 PM: INFO: ******** Passed **********
05/30/2023 08:16:09 PM: INFO: Applicable driver not found; attempting to install with Selenium Manager (Beta)
05/30/2023 08:16:11 PM: INFO: ********Test_002_DDT_Login**********
05/30/2023 08:16:11 PM: INFO: ********test_login_ddt**********
05/30/2023 08:16:20 PM: INFO: ******** Passed **********
05/30/2023 08:16:27 PM: INFO: ******** Passed **********
05/30/2023 08:19:05 PM: INFO: Applicable driver not found; attempting to install with Selenium Manager (Beta)
05/30/2023 08:19:06 PM: INFO: ********Test_002_DDT_Login**********
05/30/2023 08:19:06 PM: INFO: ********test_login_ddt**********
05/30/2023 08:19:17 PM: INFO: ******** Passed **********
05/30/2023 08:19:24 PM: INFO: ******** Passed **********
05/30/2023 08:20:18 PM: INFO: Applicable driver not found; attempting to install with Selenium Manager (Beta)
05/30/2023 08:20:20 PM: INFO: ********Test_002_DDT_Login**********
05/30/2023 08:20:20 PM: INFO: ********test_login_ddt**********
05/30/2023 08:20:39 PM: INFO: ******** Passed **********
05/30/2023 08:20:53 PM: INFO: ******** Passed **********
05/30/2023 08:21:26 PM: INFO: Applicable driver not found; attempting to install with Selenium Manager (Beta)
05/30/2023 08:21:28 PM: INFO: ********Test_002_DDT_Login**********
05/30/2023 08:21:28 PM: INFO: ********test_login_ddt**********
05/30/2023 08:21:44 PM: INFO: ******** Passed **********
05/30/2023 08:21:51 PM: INFO: ******** Passed **********
05/30/2023 08:22:50 PM: INFO: Applicable driver not found; attempting to install with Selenium Manager (Beta)
05/30/2023 08:22:52 PM: INFO: ********Test_002_DDT_Login**********
05/30/2023 08:22:52 PM: INFO: ********test_login_ddt**********
05/30/2023 08:23:02 PM: INFO: ******** Passed **********
05/30/2023 08:23:09 PM: INFO: ******** Passed **********
05/30/2023 08:23:15 PM: INFO: ******** Failed **********
05/30/2023 08:24:58 PM: INFO: Applicable driver not found; attempting to install with Selenium Manager (Beta)
05/30/2023 08:25:00 PM: INFO: ********Test_002_DDT_Login**********
05/30/2023 08:25:00 PM: INFO: ********test_login_ddt**********
05/30/2023 08:25:09 PM: INFO: ******** Passed **********
05/30/2023 08:25:16 PM: INFO: ******** Passed **********
05/30/2023 08:25:23 PM: INFO: ******** Failed **********
05/30/2023 08:26:40 PM: INFO: Applicable driver not found; attempting to install with Selenium Manager (Beta)
05/30/2023 08:26:42 PM: INFO: ********Test_002_DDT_Login**********
05/30/2023 08:26:42 PM: INFO: ********test_login_ddt**********
05/30/2023 08:26:51 PM: INFO: ******** Passed **********
05/30/2023 08:26:58 PM: INFO: ******** Passed **********
05/30/2023 08:27:04 PM: INFO: ******** Passed **********
05/30/2023 08:27:09 PM: INFO: ******** Passed **********
05/30/2023 08:27:09 PM: INFO: **** Login DDT test Passed *****
05/30/2023 08:28:44 PM: INFO: Applicable driver not found; attempting to install with Selenium Manager (Beta)
05/30/2023 08:28:46 PM: INFO: ********Test_002_DDT_Login**********
05/30/2023 08:28:46 PM: INFO: ********test_login_ddt**********
05/30/2023 08:28:55 PM: INFO: ******** Passed **********
05/30/2023 08:29:02 PM: INFO: ******** Passed **********
05/30/2023 08:29:08 PM: INFO: ******** Passed **********
05/30/2023 08:29:13 PM: INFO: ******** Passed **********
05/30/2023 08:29:13 PM: INFO: **** Login DDT test Passed *****
05/30/2023 10:18:26 PM: INFO: Applicable driver not found; attempting to install with Selenium Manager (Beta)
05/30/2023 10:18:28 PM: INFO: ********Test_003_AddCustomer**********
05/30/2023 10:18:28 PM: INFO: ********test_addCustomer**********
05/30/2023 11:01:39 PM: INFO: Applicable driver not found; attempting to install with Selenium Manager (Beta)
05/30/2023 11:01:42 PM: INFO: ********Test_003_AddCustomer**********
05/30/2023 11:01:42 PM: INFO: ********test_addCustomer**********
05/30/2023 11:01:46 PM: INFO: ******** Login Successful **********
05/30/2023 11:01:46 PM: INFO: ******** Starting Add Customer Test **********
05/30/2023 11:02:49 PM: INFO: Applicable driver not found; attempting to install with Selenium Manager (Beta)
05/30/2023 11:02:51 PM: INFO: ********Test_003_AddCustomer**********
05/30/2023 11:02:51 PM: INFO: ********test_addCustomer**********
05/30/2023 11:02:56 PM: INFO: ******** Login Successful **********
05/30/2023 11:02:56 PM: INFO: ******** Starting Add Customer Test **********
05/30/2023 11:03:47 PM: INFO: Applicable driver not found; attempting to install with Selenium Manager (Beta)
05/30/2023 11:03:48 PM: INFO: ********Test_003_AddCustomer**********
05/30/2023 11:03:48 PM: INFO: ********test_addCustomer**********
05/30/2023 11:03:51 PM: INFO: ******** Login Successful **********
05/30/2023 11:03:51 PM: INFO: ******** Starting Add Customer Test **********
05/30/2023 11:06:54 PM: INFO: Applicable driver not found; attempting to install with Selenium Manager (Beta)
05/30/2023 11:06:55 PM: INFO: ********Test_003_AddCustomer**********
05/30/2023 11:06:55 PM: INFO: ********test_addCustomer**********
05/30/2023 11:07:00 PM: INFO: ******** Login Successful **********
05/30/2023 11:07:00 PM: INFO: ******** Starting Add Customer Test **********
05/30/2023 11:07:02 PM: INFO: ******** Providing Customer details **********
05/30/2023 11:07:02 PM: WARNING: 5veykx09@gmail.com
05/30/2023 11:12:23 PM: INFO: Applicable driver not found; attempting to install with Selenium Manager (Beta)
05/30/2023 11:12:25 PM: INFO: ********Test_003_AddCustomer**********
05/30/2023 11:12:25 PM: INFO: ********test_addCustomer**********
05/30/2023 11:12:30 PM: INFO: ******** Login Successful **********
05/30/2023 11:12:30 PM: INFO: ******** Starting Add Customer Test **********
05/30/2023 11:12:34 PM: INFO: ******** Providing Customer details **********
05/30/2023 11:12:34 PM: WARNING: cki5dhbb@gmail.com
05/30/2023 11:15:41 PM: INFO: Applicable driver not found; attempting to install with Selenium Manager (Beta)
05/30/2023 11:15:43 PM: INFO: ********Test_003_AddCustomer**********
05/30/2023 11:15:43 PM: INFO: ********test_addCustomer**********
05/30/2023 11:15:47 PM: INFO: ******** Login Successful **********
05/30/2023 11:15:47 PM: INFO: ******** Starting Add Customer Test **********
05/30/2023 11:15:52 PM: INFO: ******** Providing Customer details **********
05/30/2023 11:15:52 PM: WARNING: 0hgusyro@gmail.com
05/30/2023 11:18:01 PM: INFO: Applicable driver not found; attempting to install with Selenium Manager (Beta)
05/30/2023 11:18:03 PM: INFO: ********Test_003_AddCustomer**********
05/30/2023 11:18:03 PM: INFO: ********test_addCustomer**********
05/30/2023 11:18:08 PM: INFO: ******** Login Successful **********
05/30/2023 11:18:08 PM: INFO: ******** Starting Add Customer Test **********
05/30/2023 11:18:12 PM: INFO: ******** Providing Customer details **********
05/30/2023 11:18:12 PM: WARNING: xea9p8wd@gmail.com
05/30/2023 11:21:53 PM: INFO: Applicable driver not found; attempting to install with Selenium Manager (Beta)
05/30/2023 11:21:54 PM: INFO: ********Test_003_AddCustomer**********
05/30/2023 11:21:54 PM: INFO: ********test_addCustomer**********
05/30/2023 11:21:58 PM: INFO: ******** Login Successful **********
05/30/2023 11:21:58 PM: INFO: ******** Starting Add Customer Test **********
05/30/2023 11:22:09 PM: INFO: ******** Providing Customer details **********
05/30/2023 11:22:09 PM: WARNING: fdks6c9i@gmail.com
05/30/2023 11:26:25 PM: INFO: Applicable driver not found; attempting to install with Selenium Manager (Beta)
05/30/2023 11:26:27 PM: INFO: ********Test_003_AddCustomer**********
05/30/2023 11:26:27 PM: INFO: ********test_addCustomer**********
05/30/2023 11:26:30 PM: INFO: ******** Login Successful **********
05/30/2023 11:26:30 PM: INFO: ******** Starting Add Customer Test **********
05/30/2023 11:26:35 PM: INFO: ******** Providing Customer details **********
05/30/2023 11:26:35 PM: WARNING: y8pkg2np@gmail.com
05/30/2023 11:29:34 PM: INFO: Applicable driver not found; attempting to install with Selenium Manager (Beta)
05/30/2023 11:29:35 PM: INFO: ********Test_003_AddCustomer**********
05/30/2023 11:29:35 PM: INFO: ********test_addCustomer**********
05/30/2023 11:29:40 PM: INFO: ******** Login Successful **********
05/30/2023 11:29:40 PM: INFO: ******** Starting Add Customer Test **********
05/30/2023 11:29:42 PM: INFO: ******** Providing Customer details **********
05/30/2023 11:29:42 PM: WARNING: ho3qu8hk@gmail.com
05/30/2023 11:30:23 PM: INFO: Applicable driver not found; attempting to install with Selenium Manager (Beta)
05/30/2023 11:30:25 PM: INFO: ********Test_003_AddCustomer**********
05/30/2023 11:30:25 PM: INFO: ********test_addCustomer**********
05/30/2023 11:30:31 PM: INFO: ******** Login Successful **********
05/30/2023 11:30:31 PM: INFO: ******** Starting Add Customer Test **********
05/30/2023 11:30:33 PM: INFO: ******** Providing Customer details **********
05/30/2023 11:30:33 PM: WARNING: klotlh1y@gmail.com
05/30/2023 11:31:19 PM: INFO: Applicable driver not found; attempting to install with Selenium Manager (Beta)
05/30/2023 11:31:21 PM: INFO: ********Test_003_AddCustomer**********
05/30/2023 11:31:21 PM: INFO: ********test_addCustomer**********
05/30/2023 11:31:26 PM: INFO: ******** Login Successful **********
05/30/2023 11:31:26 PM: INFO: ******** Starting Add Customer Test **********
05/30/2023 11:31:28 PM: INFO: ******** Providing Customer details **********
05/30/2023 11:31:28 PM: WARNING: 1jvzzz25@gmail.com
05/30/2023 11:31:41 PM: INFO: ******** Saved Customer details **********
05/30/2023 11:31:41 PM: INFO: ******** Add Customer validation Started **********
05/30/2023 11:31:42 PM: ERROR: ******** Add Customer Test Failed **********
05/30/2023 11:33:42 PM: INFO: Applicable driver not found; attempting to install with Selenium Manager (Beta)
05/30/2023 11:33:43 PM: INFO: ********Test_003_AddCustomer**********
05/30/2023 11:33:43 PM: INFO: ********test_addCustomer**********
05/30/2023 11:33:50 PM: INFO: ******** Login Successful **********
05/30/2023 11:33:50 PM: INFO: ******** Starting Add Customer Test **********
05/30/2023 11:33:52 PM: INFO: ******** Providing Customer details **********
05/30/2023 11:33:52 PM: WARNING: brkrl59k@gmail.com
05/30/2023 11:34:06 PM: INFO: ******** Saved Customer details **********
05/30/2023 11:34:06 PM: INFO: ******** Add Customer validation Started **********
05/30/2023 11:34:07 PM: INFO: ******** Add Customer Test Passed **********
05/30/2023 11:34:07 PM: INFO: ******** Ending AddCustomer **********
05/31/2023 12:14:54 AM: INFO: Applicable driver not found; attempting to install with Selenium Manager (Beta)
05/31/2023 12:14:56 AM: INFO: ********Test_003_AddCustomer**********
05/31/2023 12:14:56 AM: INFO: ********test_addCustomer**********
05/31/2023 12:15:00 AM: INFO: ******** Login Successful **********
05/31/2023 12:15:00 AM: INFO: ******** Starting Search Customer by Email Test **********
05/31/2023 12:15:01 AM: INFO: ******** Providing Customer Email for Search **********
05/31/2023 12:15:52 AM: INFO: Applicable driver not found; attempting to install with Selenium Manager (Beta)
05/31/2023 12:15:53 AM: INFO: ********Test_003_AddCustomer**********
05/31/2023 12:15:53 AM: INFO: ********test_addCustomer**********
05/31/2023 12:15:56 AM: INFO: ******** Login Successful **********
05/31/2023 12:15:56 AM: INFO: ******** Starting Search Customer by Email Test **********
05/31/2023 12:16:02 AM: INFO: ******** Providing Customer Email for Search **********
05/31/2023 12:17:16 AM: INFO: Applicable driver not found; attempting to install with Selenium Manager (Beta)
05/31/2023 12:17:18 AM: INFO: ********Test_003_AddCustomer**********
05/31/2023 12:17:18 AM: INFO: ********test_addCustomer**********
05/31/2023 12:17:22 AM: INFO: ******** Login Successful **********
05/31/2023 12:17:22 AM: INFO: ******** Starting Search Customer by Email Test **********
05/31/2023 12:17:26 AM: INFO: ******** Providing Customer Email for Search **********
05/31/2023 12:18:08 AM: INFO: Applicable driver not found; attempting to install with Selenium Manager (Beta)
05/31/2023 12:18:10 AM: INFO: ********Test_003_AddCustomer**********
05/31/2023 12:18:10 AM: INFO: ********test_addCustomer**********
05/31/2023 12:18:13 AM: INFO: ******** Login Successful **********
05/31/2023 12:18:13 AM: INFO: ******** Starting Search Customer by Email Test **********
05/31/2023 12:18:19 AM: INFO: ******** Providing Customer Email for Search **********
05/31/2023 12:18:22 AM: INFO: ******** test_searchCustomerByEmail Completed **********
05/31/2023 12:21:46 AM: INFO: Applicable driver not found; attempting to install with Selenium Manager (Beta)
05/31/2023 12:21:48 AM: INFO: ********Test_004_SearchCustomer**********
05/31/2023 12:21:48 AM: INFO: ********test_searchCustomerByEmail**********
05/31/2023 12:21:55 AM: INFO: ******** Login Successful **********
05/31/2023 12:21:55 AM: INFO: ******** Starting Search Customer by Email Test **********
05/31/2023 12:21:59 AM: INFO: ******** Providing Customer Email for Search **********
05/31/2023 12:22:02 AM: INFO: ******** test_searchCustomerByEmail Completed **********
05/31/2023 12:22:02 AM: INFO: Applicable driver not found; attempting to install with Selenium Manager (Beta)
05/31/2023 12:22:04 AM: INFO: ********Test_004_SearchCustomer**********
05/31/2023 12:22:04 AM: INFO: ********test_searchCustomerByName**********
05/31/2023 12:22:08 AM: INFO: ******** Login Successful **********
05/31/2023 12:22:08 AM: INFO: ******** Starting Search Customer by Name Test **********
05/31/2023 12:22:12 AM: INFO: ******** Providing Customer Name for Search **********
05/31/2023 12:22:15 AM: INFO: ******** test_searchCustomerByName Completed **********
05/31/2023 12:23:20 AM: INFO: Applicable driver not found; attempting to install with Selenium Manager (Beta)
05/31/2023 12:23:22 AM: INFO: Applicable driver not found; attempting to install with Selenium Manager (Beta)
05/31/2023 12:24:55 AM: INFO: Applicable driver not found; attempting to install with Selenium Manager (Beta)
05/31/2023 12:24:55 AM: INFO: Applicable driver not found; attempting to install with Selenium Manager (Beta)
05/31/2023 12:24:55 AM: INFO: Applicable driver not found; attempting to install with Selenium Manager (Beta)
05/31/2023 12:24:55 AM: INFO: Applicable driver not found; attempting to install with Selenium Manager (Beta)
05/31/2023 12:24:57 AM: INFO: ********Test_003_AddCustomer**********
05/31/2023 12:24:57 AM: INFO: ********Test_003_AddCustomer**********
05/31/2023 12:24:57 AM: INFO: ********Test_003_AddCustomer**********
05/31/2023 12:24:57 AM: INFO: ********Test_003_AddCustomer**********
05/31/2023 12:24:57 AM: INFO: ********test_addCustomer**********
05/31/2023 12:24:57 AM: INFO: ********test_addCustomer**********
05/31/2023 12:24:57 AM: INFO: ********test_addCustomer**********
05/31/2023 12:24:57 AM: INFO: ********test_addCustomer**********
05/31/2023 12:25:02 AM: INFO: ******** Login Successful **********
05/31/2023 12:25:02 AM: INFO: ******** Login Successful **********
05/31/2023 12:25:02 AM: INFO: ******** Login Successful **********
05/31/2023 12:25:02 AM: INFO: ******** Login Successful **********
05/31/2023 12:25:02 AM: INFO: ******** Starting Add Customer Test **********
05/31/2023 12:25:02 AM: INFO: ******** Starting Add Customer Test **********
05/31/2023 12:25:02 AM: INFO: ******** Starting Add Customer Test **********
05/31/2023 12:25:02 AM: INFO: ******** Starting Add Customer Test **********
05/31/2023 12:25:05 AM: INFO: ******** Providing Customer details **********
05/31/2023 12:25:05 AM: INFO: ******** Providing Customer details **********
05/31/2023 12:25:05 AM: INFO: ******** Providing Customer details **********
05/31/2023 12:25:05 AM: INFO: ******** Providing Customer details **********
05/31/2023 12:25:05 AM: WARNING: 21qmz2tb@gmail.com
05/31/2023 12:25:05 AM: WARNING: 21qmz2tb@gmail.com
05/31/2023 12:25:05 AM: WARNING: 21qmz2tb@gmail.com
05/31/2023 12:25:05 AM: WARNING: 21qmz2tb@gmail.com
05/31/2023 12:25:19 AM: INFO: ******** Saved Customer details **********
05/31/2023 12:25:19 AM: INFO: ******** Saved Customer details **********
05/31/2023 12:25:19 AM: INFO: ******** Saved Customer details **********
05/31/2023 12:25:19 AM: INFO: ******** Saved Customer details **********
05/31/2023 12:25:19 AM: INFO: ******** Add Customer validation Started **********
05/31/2023 12:25:19 AM: INFO: ******** Add Customer validation Started **********
05/31/2023 12:25:19 AM: INFO: ******** Add Customer validation Started **********
05/31/2023 12:25:19 AM: INFO: ******** Add Customer validation Started **********
05/31/2023 12:25:19 AM: INFO: ******** Add Customer Test Passed **********
05/31/2023 12:25:19 AM: INFO: ******** Add Customer Test Passed **********
05/31/2023 12:25:19 AM: INFO: ******** Add Customer Test Passed **********
05/31/2023 12:25:19 AM: INFO: ******** Add Customer Test Passed **********
05/31/2023 12:25:20 AM: INFO: ******** Ending AddCustomer **********
05/31/2023 12:25:20 AM: INFO: ******** Ending AddCustomer **********
05/31/2023 12:25:20 AM: INFO: ******** Ending AddCustomer **********
05/31/2023 12:25:20 AM: INFO: ******** Ending AddCustomer **********
05/31/2023 12:25:20 AM: INFO: Applicable driver not found; attempting to install with Selenium Manager (Beta)
05/31/2023 12:25:20 AM: INFO: Applicable driver not found; attempting to install with Selenium Manager (Beta)
05/31/2023 12:25:20 AM: INFO: Applicable driver not found; attempting to install with Selenium Manager (Beta)
05/31/2023 12:25:20 AM: INFO: Applicable driver not found; attempting to install with Selenium Manager (Beta)
05/31/2023 12:25:21 AM: INFO: ********Test_001_Login**********
05/31/2023 12:25:21 AM: INFO: ********Test_001_Login**********
05/31/2023 12:25:21 AM: INFO: ********Test_001_Login**********
05/31/2023 12:25:21 AM: INFO: ********Test_001_Login**********
05/31/2023 12:25:21 AM: INFO: ********test_homePageTitle**********
05/31/2023 12:25:21 AM: INFO: ********test_homePageTitle**********
05/31/2023 12:25:21 AM: INFO: ********test_homePageTitle**********
05/31/2023 12:25:21 AM: INFO: ********test_homePageTitle**********
05/31/2023 12:25:24 AM: INFO: ********test_homePageTitle Passed**********
05/31/2023 12:25:24 AM: INFO: ********test_homePageTitle Passed**********
05/31/2023 12:25:24 AM: INFO: ********test_homePageTitle Passed**********
05/31/2023 12:25:24 AM: INFO: ********test_homePageTitle Passed**********
05/31/2023 12:25:24 AM: INFO: Applicable driver not found; attempting to install with Selenium Manager (Beta)
05/31/2023 12:25:24 AM: INFO: Applicable driver not found; attempting to install with Selenium Manager (Beta)
05/31/2023 12:25:24 AM: INFO: Applicable driver not found; attempting to install with Selenium Manager (Beta)
05/31/2023 12:25:24 AM: INFO: Applicable driver not found; attempting to install with Selenium Manager (Beta)
05/31/2023 12:25:25 AM: INFO: ********Test_001_Login**********
05/31/2023 12:25:25 AM: INFO: ********Test_001_Login**********
05/31/2023 12:25:25 AM: INFO: ********Test_001_Login**********
05/31/2023 12:25:25 AM: INFO: ********Test_001_Login**********
05/31/2023 12:25:25 AM: INFO: ********test_login**********
05/31/2023 12:25:25 AM: INFO: ********test_login**********
05/31/2023 12:25:25 AM: INFO: ********test_login**********
05/31/2023 12:25:25 AM: INFO: ********test_login**********
05/31/2023 12:25:32 AM: INFO: ********test_login Passed**********
05/31/2023 12:25:32 AM: INFO: ********test_login Passed**********
05/31/2023 12:25:32 AM: INFO: ********test_login Passed**********
05/31/2023 12:25:32 AM: INFO: ********test_login Passed**********
05/31/2023 12:25:32 AM: INFO: Applicable driver not found; attempting to install with Selenium Manager (Beta)
05/31/2023 12:25:32 AM: INFO: Applicable driver not found; attempting to install with Selenium Manager (Beta)
05/31/2023 12:25:32 AM: INFO: Applicable driver not found; attempting to install with Selenium Manager (Beta)
05/31/2023 12:25:32 AM: INFO: Applicable driver not found; attempting to install with Selenium Manager (Beta)
05/31/2023 12:25:34 AM: INFO: ********Test_002_DDT_Login**********
05/31/2023 12:25:34 AM: INFO: ********Test_002_DDT_Login**********
05/31/2023 12:25:34 AM: INFO: ********Test_002_DDT_Login**********
05/31/2023 12:25:34 AM: INFO: ********Test_002_DDT_Login**********
05/31/2023 12:25:34 AM: INFO: ********test_login_ddt**********
05/31/2023 12:25:34 AM: INFO: ********test_login_ddt**********
05/31/2023 12:25:34 AM: INFO: ********test_login_ddt**********
05/31/2023 12:25:34 AM: INFO: ********test_login_ddt**********
05/31/2023 12:25:45 AM: INFO: ******** Passed **********
05/31/2023 12:25:45 AM: INFO: ******** Passed **********
05/31/2023 12:25:45 AM: INFO: ******** Passed **********
05/31/2023 12:25:45 AM: INFO: ******** Passed **********
05/31/2023 12:25:51 AM: INFO: ******** Passed **********
05/31/2023 12:25:51 AM: INFO: ******** Passed **********
05/31/2023 12:25:51 AM: INFO: ******** Passed **********
05/31/2023 12:25:51 AM: INFO: ******** Passed **********
05/31/2023 12:25:57 AM: INFO: ******** Passed **********
05/31/2023 12:25:57 AM: INFO: ******** Passed **********
05/31/2023 12:25:57 AM: INFO: ******** Passed **********
05/31/2023 12:25:57 AM: INFO: ******** Passed **********
05/31/2023 12:26:02 AM: INFO: ******** Passed **********
05/31/2023 12:26:02 AM: INFO: ******** Passed **********
05/31/2023 12:26:02 AM: INFO: ******** Passed **********
05/31/2023 12:26:02 AM: INFO: ******** Passed **********
05/31/2023 12:26:02 AM: INFO: **** Login DDT test Passed *****
05/31/2023 12:26:02 AM: INFO: **** Login DDT test Passed *****
05/31/2023 12:26:02 AM: INFO: **** Login DDT test Passed *****
05/31/2023 12:26:02 AM: INFO: **** Login DDT test Passed *****
05/31/2023 12:26:02 AM: INFO: Applicable driver not found; attempting to install with Selenium Manager (Beta)
05/31/2023 12:26:02 AM: INFO: Applicable driver not found; attempting to install with Selenium Manager (Beta)
05/31/2023 12:26:02 AM: INFO: Applicable driver not found; attempting to install with Selenium Manager (Beta)
05/31/2023 12:26:02 AM: INFO: Applicable driver not found; attempting to install with Selenium Manager (Beta)
05/31/2023 12:26:04 AM: INFO: ********Test_004_SearchCustomer**********
05/31/2023 12:26:04 AM: INFO: ********Test_004_SearchCustomer**********
05/31/2023 12:26:04 AM: INFO: ********Test_004_SearchCustomer**********
05/31/2023 12:26:04 AM: INFO: ********Test_004_SearchCustomer**********
05/31/2023 12:26:04 AM: INFO: ********test_searchCustomerByEmail**********
05/31/2023 12:26:04 AM: INFO: ********test_searchCustomerByEmail**********
05/31/2023 12:26:04 AM: INFO: ********test_searchCustomerByEmail**********
05/31/2023 12:26:04 AM: INFO: ********test_searchCustomerByEmail**********
05/31/2023 12:26:12 AM: INFO: ******** Login Successful **********
05/31/2023 12:26:12 AM: INFO: ******** Login Successful **********
05/31/2023 12:26:12 AM: INFO: ******** Login Successful **********
05/31/2023 12:26:12 AM: INFO: ******** Login Successful **********
05/31/2023 12:26:12 AM: INFO: ******** Starting Search Customer by Email Test **********
05/31/2023 12:26:12 AM: INFO: ******** Starting Search Customer by Email Test **********
05/31/2023 12:26:12 AM: INFO: ******** Starting Search Customer by Email Test **********
05/31/2023 12:26:12 AM: INFO: ******** Starting Search Customer by Email Test **********
05/31/2023 12:26:16 AM: INFO: ******** Providing Customer Email for Search **********
05/31/2023 12:26:16 AM: INFO: ******** Providing Customer Email for Search **********
05/31/2023 12:26:16 AM: INFO: ******** Providing Customer Email for Search **********
05/31/2023 12:26:16 AM: INFO: ******** Providing Customer Email for Search **********
05/31/2023 12:26:19 AM: INFO: ******** test_searchCustomerByEmail Completed **********
05/31/2023 12:26:19 AM: INFO: ******** test_searchCustomerByEmail Completed **********
05/31/2023 12:26:19 AM: INFO: ******** test_searchCustomerByEmail Completed **********
05/31/2023 12:26:19 AM: INFO: ******** test_searchCustomerByEmail Completed **********
05/31/2023 12:26:22 AM: INFO: Applicable driver not found; attempting to install with Selenium Manager (Beta)
05/31/2023 12:26:22 AM: INFO: Applicable driver not found; attempting to install with Selenium Manager (Beta)
05/31/2023 12:26:22 AM: INFO: Applicable driver not found; attempting to install with Selenium Manager (Beta)
05/31/2023 12:26:22 AM: INFO: Applicable driver not found; attempting to install with Selenium Manager (Beta)
05/31/2023 12:26:24 AM: INFO: ********Test_004_SearchCustomer**********
05/31/2023 12:26:24 AM: INFO: ********Test_004_SearchCustomer**********
05/31/2023 12:26:24 AM: INFO: ********Test_004_SearchCustomer**********
05/31/2023 12:26:24 AM: INFO: ********Test_004_SearchCustomer**********
05/31/2023 12:26:24 AM: INFO: ********test_searchCustomerByName**********
05/31/2023 12:26:24 AM: INFO: ********test_searchCustomerByName**********
05/31/2023 12:26:24 AM: INFO: ********test_searchCustomerByName**********
05/31/2023 12:26:24 AM: INFO: ********test_searchCustomerByName**********
05/31/2023 12:26:26 AM: INFO: ******** Login Successful **********
05/31/2023 12:26:26 AM: INFO: ******** Login Successful **********
05/31/2023 12:26:26 AM: INFO: ******** Login Successful **********
05/31/2023 12:26:26 AM: INFO: ******** Login Successful **********
05/31/2023 12:26:26 AM: INFO: ******** Starting Search Customer by Name Test **********
05/31/2023 12:26:26 AM: INFO: ******** Starting Search Customer by Name Test **********
05/31/2023 12:26:26 AM: INFO: ******** Starting Search Customer by Name Test **********
05/31/2023 12:26:26 AM: INFO: ******** Starting Search Customer by Name Test **********
05/31/2023 12:26:32 AM: INFO: ******** Providing Customer Name for Search **********
05/31/2023 12:26:32 AM: INFO: ******** Providing Customer Name for Search **********
05/31/2023 12:26:32 AM: INFO: ******** Providing Customer Name for Search **********
05/31/2023 12:26:32 AM: INFO: ******** Providing Customer Name for Search **********
05/31/2023 12:26:35 AM: INFO: ******** test_searchCustomerByName Completed **********
05/31/2023 12:26:35 AM: INFO: ******** test_searchCustomerByName Completed **********
05/31/2023 12:26:35 AM: INFO: ******** test_searchCustomerByName Completed **********
05/31/2023 12:26:35 AM: INFO: ******** test_searchCustomerByName Completed **********
05/31/2023 12:52:29 AM: INFO: Applicable driver not found; attempting to install with Selenium Manager (Beta)
05/31/2023 12:52:29 AM: INFO: Applicable driver not found; attempting to install with Selenium Manager (Beta)
05/31/2023 12:52:29 AM: INFO: Applicable driver not found; attempting to install with Selenium Manager (Beta)
05/31/2023 12:52:29 AM: INFO: Applicable driver not found; attempting to install with Selenium Manager (Beta)
05/31/2023 12:52:31 AM: INFO: ********Test_003_AddCustomer**********
05/31/2023 12:52:31 AM: INFO: ********Test_003_AddCustomer**********
05/31/2023 12:52:31 AM: INFO: ********Test_003_AddCustomer**********
05/31/2023 12:52:31 AM: INFO: ********Test_003_AddCustomer**********
05/31/2023 12:52:31 AM: INFO: ********test_addCustomer**********
05/31/2023 12:52:31 AM: INFO: ********test_addCustomer**********
05/31/2023 12:52:31 AM: INFO: ********test_addCustomer**********
05/31/2023 12:52:31 AM: INFO: ********test_addCustomer**********
05/31/2023 12:52:36 AM: INFO: ******** Login Successful **********
05/31/2023 12:52:36 AM: INFO: ******** Login Successful **********
05/31/2023 12:52:36 AM: INFO: ******** Login Successful **********
05/31/2023 12:52:36 AM: INFO: ******** Login Successful **********
05/31/2023 12:52:36 AM: INFO: ******** Starting Add Customer Test **********
05/31/2023 12:52:36 AM: INFO: ******** Starting Add Customer Test **********
05/31/2023 12:52:36 AM: INFO: ******** Starting Add Customer Test **********
05/31/2023 12:52:36 AM: INFO: ******** Starting Add Customer Test **********
05/31/2023 12:52:38 AM: INFO: ******** Providing Customer details **********
05/31/2023 12:52:38 AM: INFO: ******** Providing Customer details **********
05/31/2023 12:52:38 AM: INFO: ******** Providing Customer details **********
05/31/2023 12:52:38 AM: INFO: ******** Providing Customer details **********
05/31/2023 12:52:38 AM: INFO: 7h42ukdl@gmail.com
05/31/2023 12:52:38 AM: INFO: 7h42ukdl@gmail.com
05/31/2023 12:52:38 AM: INFO: 7h42ukdl@gmail.com
05/31/2023 12:52:38 AM: INFO: 7h42ukdl@gmail.com
05/31/2023 12:52:53 AM: INFO: ******** Saved Customer details **********
05/31/2023 12:52:53 AM: INFO: ******** Saved Customer details **********
05/31/2023 12:52:53 AM: INFO: ******** Saved Customer details **********
05/31/2023 12:52:53 AM: INFO: ******** Saved Customer details **********
05/31/2023 12:52:53 AM: INFO: ******** Add Customer validation Started **********
05/31/2023 12:52:53 AM: INFO: ******** Add Customer validation Started **********
05/31/2023 12:52:53 AM: INFO: ******** Add Customer validation Started **********
05/31/2023 12:52:53 AM: INFO: ******** Add Customer validation Started **********
05/31/2023 12:52:53 AM: INFO: ******** Add Customer Test Passed **********
05/31/2023 12:52:53 AM: INFO: ******** Add Customer Test Passed **********
05/31/2023 12:52:53 AM: INFO: ******** Add Customer Test Passed **********
05/31/2023 12:52:53 AM: INFO: ******** Add Customer Test Passed **********
05/31/2023 12:52:53 AM: INFO: ******** Ending AddCustomer **********
05/31/2023 12:52:53 AM: INFO: ******** Ending AddCustomer **********
05/31/2023 12:52:53 AM: INFO: ******** Ending AddCustomer **********
05/31/2023 12:52:53 AM: INFO: ******** Ending AddCustomer **********
05/31/2023 12:52:53 AM: INFO: Applicable driver not found; attempting to install with Selenium Manager (Beta)
05/31/2023 12:52:53 AM: INFO: Applicable driver not found; attempting to install with Selenium Manager (Beta)
05/31/2023 12:52:53 AM: INFO: Applicable driver not found; attempting to install with Selenium Manager (Beta)
05/31/2023 12:52:53 AM: INFO: Applicable driver not found; attempting to install with Selenium Manager (Beta)
05/31/2023 12:52:54 AM: INFO: ********Test_001_Login**********
05/31/2023 12:52:54 AM: INFO: ********Test_001_Login**********
05/31/2023 12:52:54 AM: INFO: ********Test_001_Login**********
05/31/2023 12:52:54 AM: INFO: ********Test_001_Login**********
05/31/2023 12:52:54 AM: INFO: ********test_login**********
05/31/2023 12:52:54 AM: INFO: ********test_login**********
05/31/2023 12:52:54 AM: INFO: ********test_login**********
05/31/2023 12:52:54 AM: INFO: ********test_login**********
05/31/2023 12:52:59 AM: INFO: ********test_login Passed**********
05/31/2023 12:52:59 AM: INFO: ********test_login Passed**********
05/31/2023 12:52:59 AM: INFO: ********test_login Passed**********
05/31/2023 12:52:59 AM: INFO: ********test_login Passed**********
05/31/2023 12:52:59 AM: INFO: Applicable driver not found; attempting to install with Selenium Manager (Beta)
05/31/2023 12:52:59 AM: INFO: Applicable driver not found; attempting to install with Selenium Manager (Beta)
05/31/2023 12:52:59 AM: INFO: Applicable driver not found; attempting to install with Selenium Manager (Beta)
05/31/2023 12:52:59 AM: INFO: Applicable driver not found; attempting to install with Selenium Manager (Beta)
05/31/2023 12:53:00 AM: INFO: ********Test_002_DDT_Login**********
05/31/2023 12:53:00 AM: INFO: ********Test_002_DDT_Login**********
05/31/2023 12:53:00 AM: INFO: ********Test_002_DDT_Login**********
05/31/2023 12:53:00 AM: INFO: ********Test_002_DDT_Login**********
05/31/2023 12:53:00 AM: INFO: ********test_login_ddt**********
05/31/2023 12:53:00 AM: INFO: ********test_login_ddt**********
05/31/2023 12:53:00 AM: INFO: ********test_login_ddt**********
05/31/2023 12:53:00 AM: INFO: ********test_login_ddt**********
05/31/2023 12:53:10 AM: INFO: ******** Passed **********
05/31/2023 12:53:10 AM: INFO: ******** Passed **********
05/31/2023 12:53:10 AM: INFO: ******** Passed **********
05/31/2023 12:53:10 AM: INFO: ******** Passed **********
05/31/2023 12:53:16 AM: INFO: ******** Passed **********
05/31/2023 12:53:16 AM: INFO: ******** Passed **********
05/31/2023 12:53:16 AM: INFO: ******** Passed **********
05/31/2023 12:53:16 AM: INFO: ******** Passed **********
05/31/2023 12:53:22 AM: INFO: ******** Passed **********
05/31/2023 12:53:22 AM: INFO: ******** Passed **********
05/31/2023 12:53:22 AM: INFO: ******** Passed **********
05/31/2023 12:53:22 AM: INFO: ******** Passed **********
05/31/2023 12:53:27 AM: INFO: ******** Passed **********
05/31/2023 12:53:27 AM: INFO: ******** Passed **********
05/31/2023 12:53:27 AM: INFO: ******** Passed **********
05/31/2023 12:53:27 AM: INFO: ******** Passed **********
05/31/2023 12:53:27 AM: INFO: **** Login DDT test Passed *****
05/31/2023 12:53:27 AM: INFO: **** Login DDT test Passed *****
05/31/2023 12:53:27 AM: INFO: **** Login DDT test Passed *****
05/31/2023 12:53:27 AM: INFO: **** Login DDT test Passed *****
05/31/2023 12:59:19 AM: INFO: Applicable driver not found; attempting to install with Selenium Manager (Beta)
05/31/2023 12:59:19 AM: INFO: Applicable driver not found; attempting to install with Selenium Manager (Beta)
05/31/2023 12:59:19 AM: INFO: Applicable driver not found; attempting to install with Selenium Manager (Beta)
05/31/2023 12:59:19 AM: INFO: Applicable driver not found; attempting to install with Selenium Manager (Beta)
05/31/2023 12:59:21 AM: INFO: ********Test_003_AddCustomer**********
05/31/2023 12:59:21 AM: INFO: ********Test_003_AddCustomer**********
05/31/2023 12:59:21 AM: INFO: ********Test_003_AddCustomer**********
05/31/2023 12:59:21 AM: INFO: ********Test_003_AddCustomer**********
05/31/2023 12:59:21 AM: INFO: ********test_addCustomer**********
05/31/2023 12:59:21 AM: INFO: ********test_addCustomer**********
05/31/2023 12:59:21 AM: INFO: ********test_addCustomer**********
05/31/2023 12:59:21 AM: INFO: ********test_addCustomer**********
05/31/2023 12:59:23 AM: INFO: ******** Login Successful **********
05/31/2023 12:59:23 AM: INFO: ******** Login Successful **********
05/31/2023 12:59:23 AM: INFO: ******** Login Successful **********
05/31/2023 12:59:23 AM: INFO: ******** Login Successful **********
05/31/2023 12:59:23 AM: INFO: ******** Starting Add Customer Test **********
05/31/2023 12:59:23 AM: INFO: ******** Starting Add Customer Test **********
05/31/2023 12:59:23 AM: INFO: ******** Starting Add Customer Test **********
05/31/2023 12:59:23 AM: INFO: ******** Starting Add Customer Test **********
05/31/2023 12:59:27 AM: INFO: ******** Providing Customer details **********
05/31/2023 12:59:27 AM: INFO: ******** Providing Customer details **********
05/31/2023 12:59:27 AM: INFO: ******** Providing Customer details **********
05/31/2023 12:59:27 AM: INFO: ******** Providing Customer details **********
05/31/2023 12:59:27 AM: INFO: d03vgatd@gmail.com
05/31/2023 12:59:27 AM: INFO: d03vgatd@gmail.com
05/31/2023 12:59:27 AM: INFO: d03vgatd@gmail.com
05/31/2023 12:59:27 AM: INFO: d03vgatd@gmail.com
05/31/2023 12:59:41 AM: INFO: Applicable driver not found; attempting to install with Selenium Manager (Beta)
05/31/2023 12:59:41 AM: INFO: Applicable driver not found; attempting to install with Selenium Manager (Beta)
05/31/2023 12:59:41 AM: INFO: Applicable driver not found; attempting to install with Selenium Manager (Beta)
05/31/2023 12:59:41 AM: INFO: Applicable driver not found; attempting to install with Selenium Manager (Beta)
05/31/2023 12:59:42 AM: INFO: ********Test_001_Login**********
05/31/2023 12:59:42 AM: INFO: ********Test_001_Login**********
05/31/2023 12:59:42 AM: INFO: ********Test_001_Login**********
05/31/2023 12:59:42 AM: INFO: ********Test_001_Login**********
05/31/2023 12:59:42 AM: INFO: ********test_login**********
05/31/2023 12:59:42 AM: INFO: ********test_login**********
05/31/2023 12:59:42 AM: INFO: ********test_login**********
05/31/2023 12:59:42 AM: INFO: ********test_login**********
05/31/2023 12:59:49 AM: INFO: ********test_login Passed**********
05/31/2023 12:59:49 AM: INFO: ********test_login Passed**********
05/31/2023 12:59:49 AM: INFO: ********test_login Passed**********
05/31/2023 12:59:49 AM: INFO: ********test_login Passed**********
05/31/2023 02:52:41 PM: INFO: Applicable driver not found; attempting to install with Selenium Manager (Beta)
05/31/2023 02:52:41 PM: INFO: Applicable driver not found; attempting to install with Selenium Manager (Beta)
05/31/2023 02:52:41 PM: INFO: Applicable driver not found; attempting to install with Selenium Manager (Beta)
05/31/2023 02:52:41 PM: INFO: Applicable driver not found; attempting to install with Selenium Manager (Beta)
05/31/2023 02:52:43 PM: INFO: ********Test_003_AddCustomer**********
05/31/2023 02:52:43 PM: INFO: ********Test_003_AddCustomer**********
05/31/2023 02:52:43 PM: INFO: ********Test_003_AddCustomer**********
05/31/2023 02:52:43 PM: INFO: ********Test_003_AddCustomer**********
05/31/2023 02:52:43 PM: INFO: ********test_addCustomer**********
05/31/2023 02:52:43 PM: INFO: ********test_addCustomer**********
05/31/2023 02:52:43 PM: INFO: ********test_addCustomer**********
05/31/2023 02:52:43 PM: INFO: ********test_addCustomer**********
05/31/2023 02:52:48 PM: INFO: ******** Login Successful **********
05/31/2023 02:52:48 PM: INFO: ******** Login Successful **********
05/31/2023 02:52:48 PM: INFO: ******** Login Successful **********
05/31/2023 02:52:48 PM: INFO: ******** Login Successful **********
05/31/2023 02:52:48 PM: INFO: ******** Starting Add Customer Test **********
05/31/2023 02:52:48 PM: INFO: ******** Starting Add Customer Test **********
05/31/2023 02:52:48 PM: INFO: ******** Starting Add Customer Test **********
05/31/2023 02:52:48 PM: INFO: ******** Starting Add Customer Test **********
05/31/2023 02:52:51 PM: INFO: ******** Providing Customer details **********
05/31/2023 02:52:51 PM: INFO: ******** Providing Customer details **********
05/31/2023 02:52:51 PM: INFO: ******** Providing Customer details **********
05/31/2023 02:52:51 PM: INFO: ******** Providing Customer details **********
05/31/2023 02:52:51 PM: INFO: uactwij3@gmail.com
05/31/2023 02:52:51 PM: INFO: uactwij3@gmail.com
05/31/2023 02:52:51 PM: INFO: uactwij3@gmail.com
05/31/2023 02:52:51 PM: INFO: uactwij3@gmail.com
05/31/2023 02:53:05 PM: INFO: ******** Saved Customer details **********
05/31/2023 02:53:05 PM: INFO: ******** Saved Customer details **********
05/31/2023 02:53:05 PM: INFO: ******** Saved Customer details **********
05/31/2023 02:53:05 PM: INFO: ******** Saved Customer details **********
05/31/2023 02:53:05 PM: INFO: ******** Add Customer validation Started **********
05/31/2023 02:53:05 PM: INFO: ******** Add Customer validation Started **********
05/31/2023 02:53:05 PM: INFO: ******** Add Customer validation Started **********
05/31/2023 02:53:05 PM: INFO: ******** Add Customer validation Started **********
05/31/2023 02:53:05 PM: INFO: ******** Add Customer Test Passed **********
05/31/2023 02:53:05 PM: INFO: ******** Add Customer Test Passed **********
05/31/2023 02:53:05 PM: INFO: ******** Add Customer Test Passed **********
05/31/2023 02:53:05 PM: INFO: ******** Add Customer Test Passed **********
05/31/2023 02:53:05 PM: INFO: ******** Ending AddCustomer **********
05/31/2023 02:53:05 PM: INFO: ******** Ending AddCustomer **********
05/31/2023 02:53:05 PM: INFO: ******** Ending AddCustomer **********
05/31/2023 02:53:05 PM: INFO: ******** Ending AddCustomer **********
05/31/2023 02:53:06 PM: INFO: Applicable driver not found; attempting to install with Selenium Manager (Beta)
05/31/2023 02:53:06 PM: INFO: Applicable driver not found; attempting to install with Selenium Manager (Beta)
05/31/2023 02:53:06 PM: INFO: Applicable driver not found; attempting to install with Selenium Manager (Beta)
05/31/2023 02:53:06 PM: INFO: Applicable driver not found; attempting to install with Selenium Manager (Beta)
05/31/2023 02:53:07 PM: INFO: ********Test_001_Login**********
05/31/2023 02:53:07 PM: INFO: ********Test_001_Login**********
05/31/2023 02:53:07 PM: INFO: ********Test_001_Login**********
05/31/2023 02:53:07 PM: INFO: ********Test_001_Login**********
05/31/2023 02:53:07 PM: INFO: ********test_login**********
05/31/2023 02:53:07 PM: INFO: ********test_login**********
05/31/2023 02:53:07 PM: INFO: ********test_login**********
05/31/2023 02:53:07 PM: INFO: ********test_login**********
05/31/2023 02:53:13 PM: INFO: ********test_login Passed**********
05/31/2023 02:53:13 PM: INFO: ********test_login Passed**********
05/31/2023 02:53:13 PM: INFO: ********test_login Passed**********
05/31/2023 02:53:13 PM: INFO: ********test_login Passed**********
05/31/2023 02:57:42 PM: INFO: Applicable driver not found; attempting to install with Selenium Manager (Beta)
05/31/2023 02:57:42 PM: INFO: Applicable driver not found; attempting to install with Selenium Manager (Beta)
05/31/2023 02:57:42 PM: INFO: Applicable driver not found; attempting to install with Selenium Manager (Beta)
05/31/2023 02:57:42 PM: INFO: Applicable driver not found; attempting to install with Selenium Manager (Beta)
05/31/2023 02:57:44 PM: INFO: ********Test_001_Login**********
05/31/2023 02:57:44 PM: INFO: ********Test_001_Login**********
05/31/2023 02:57:44 PM: INFO: ********Test_001_Login**********
05/31/2023 02:57:44 PM: INFO: ********Test_001_Login**********
05/31/2023 02:57:44 PM: INFO: ********test_homePageTitle**********
05/31/2023 02:57:44 PM: INFO: ********test_homePageTitle**********
05/31/2023 02:57:44 PM: INFO: ********test_homePageTitle**********
05/31/2023 02:57:44 PM: INFO: ********test_homePageTitle**********
05/31/2023 02:57:46 PM: INFO: ********test_homePageTitle Passed**********
05/31/2023 02:57:46 PM: INFO: ********test_homePageTitle Passed**********
05/31/2023 02:57:46 PM: INFO: ********test_homePageTitle Passed**********
05/31/2023 02:57:46 PM: INFO: ********test_homePageTitle Passed**********
05/31/2023 02:57:46 PM: INFO: Applicable driver not found; attempting to install with Selenium Manager (Beta)
05/31/2023 02:57:46 PM: INFO: Applicable driver not found; attempting to install with Selenium Manager (Beta)
05/31/2023 02:57:46 PM: INFO: Applicable driver not found; attempting to install with Selenium Manager (Beta)
05/31/2023 02:57:46 PM: INFO: Applicable driver not found; attempting to install with Selenium Manager (Beta)
05/31/2023 02:57:48 PM: INFO: ********Test_001_Login**********
05/31/2023 02:57:48 PM: INFO: ********Test_001_Login**********
05/31/2023 02:57:48 PM: INFO: ********Test_001_Login**********
05/31/2023 02:57:48 PM: INFO: ********Test_001_Login**********
05/31/2023 02:57:48 PM: INFO: ********test_login**********
05/31/2023 02:57:48 PM: INFO: ********test_login**********
05/31/2023 02:57:48 PM: INFO: ********test_login**********
05/31/2023 02:57:48 PM: INFO: ********test_login**********
05/31/2023 02:57:54 PM: INFO: ********test_login Passed**********
05/31/2023 02:57:54 PM: INFO: ********test_login Passed**********
05/31/2023 02:57:54 PM: INFO: ********test_login Passed**********
05/31/2023 02:57:54 PM: INFO: ********test_login Passed**********
05/31/2023 02:57:54 PM: INFO: Applicable driver not found; attempting to install with Selenium Manager (Beta)
05/31/2023 02:57:54 PM: INFO: Applicable driver not found; attempting to install with Selenium Manager (Beta)
05/31/2023 02:57:54 PM: INFO: Applicable driver not found; attempting to install with Selenium Manager (Beta)
05/31/2023 02:57:54 PM: INFO: Applicable driver not found; attempting to install with Selenium Manager (Beta)
05/31/2023 02:57:55 PM: INFO: ********Test_002_DDT_Login**********
05/31/2023 02:57:55 PM: INFO: ********Test_002_DDT_Login**********
05/31/2023 02:57:55 PM: INFO: ********Test_002_DDT_Login**********
05/31/2023 02:57:55 PM: INFO: ********Test_002_DDT_Login**********
05/31/2023 02:57:55 PM: INFO: ********test_login_ddt**********
05/31/2023 02:57:55 PM: INFO: ********test_login_ddt**********
05/31/2023 02:57:55 PM: INFO: ********test_login_ddt**********
05/31/2023 02:57:55 PM: INFO: ********test_login_ddt**********
05/31/2023 02:58:03 PM: INFO: ******** Passed **********
05/31/2023 02:58:03 PM: INFO: ******** Passed **********
05/31/2023 02:58:03 PM: INFO: ******** Passed **********
05/31/2023 02:58:03 PM: INFO: ******** Passed **********
05/31/2023 02:58:10 PM: INFO: ******** Passed **********
05/31/2023 02:58:10 PM: INFO: ******** Passed **********
05/31/2023 02:58:10 PM: INFO: ******** Passed **********
05/31/2023 02:58:10 PM: INFO: ******** Passed **********
05/31/2023 02:58:15 PM: INFO: ******** Passed **********
05/31/2023 02:58:15 PM: INFO: ******** Passed **********
05/31/2023 02:58:15 PM: INFO: ******** Passed **********
05/31/2023 02:58:15 PM: INFO: ******** Passed **********
05/31/2023 02:58:21 PM: INFO: ******** Passed **********
05/31/2023 02:58:21 PM: INFO: ******** Passed **********
05/31/2023 02:58:21 PM: INFO: ******** Passed **********
05/31/2023 02:58:21 PM: INFO: ******** Passed **********
05/31/2023 02:58:21 PM: INFO: **** Login DDT test Passed *****
05/31/2023 02:58:21 PM: INFO: **** Login DDT test Passed *****
05/31/2023 02:58:21 PM: INFO: **** Login DDT test Passed *****
05/31/2023 02:58:21 PM: INFO: **** Login DDT test Passed *****
05/31/2023 02:58:21 PM: INFO: Applicable driver not found; attempting to install with Selenium Manager (Beta)
05/31/2023 02:58:21 PM: INFO: Applicable driver not found; attempting to install with Selenium Manager (Beta)
05/31/2023 02:58:21 PM: INFO: Applicable driver not found; attempting to install with Selenium Manager (Beta)
05/31/2023 02:58:21 PM: INFO: Applicable driver not found; attempting to install with Selenium Manager (Beta)
05/31/2023 02:58:22 PM: INFO: ********Test_004_SearchCustomer**********
05/31/2023 02:58:22 PM: INFO: ********Test_004_SearchCustomer**********
05/31/2023 02:58:22 PM: INFO: ********Test_004_SearchCustomer**********
05/31/2023 02:58:22 PM: INFO: ********Test_004_SearchCustomer**********
05/31/2023 02:58:22 PM: INFO: ********test_searchCustomerByEmail**********
05/31/2023 02:58:22 PM: INFO: ********test_searchCustomerByEmail**********
05/31/2023 02:58:22 PM: INFO: ********test_searchCustomerByEmail**********
05/31/2023 02:58:22 PM: INFO: ********test_searchCustomerByEmail**********
05/31/2023 02:58:25 PM: INFO: ******** Login Successful **********
05/31/2023 02:58:25 PM: INFO: ******** Login Successful **********
05/31/2023 02:58:25 PM: INFO: ******** Login Successful **********
05/31/2023 02:58:25 PM: INFO: ******** Login Successful **********
05/31/2023 02:58:25 PM: INFO: ******** Starting Search Customer by Email Test **********
05/31/2023 02:58:25 PM: INFO: ******** Starting Search Customer by Email Test **********
05/31/2023 02:58:25 PM: INFO: ******** Starting Search Customer by Email Test **********
05/31/2023 02:58:25 PM: INFO: ******** Starting Search Customer by Email Test **********
05/31/2023 02:58:33 PM: INFO: ******** Providing Customer Email for Search **********
05/31/2023 02:58:33 PM: INFO: ******** Providing Customer Email for Search **********
05/31/2023 02:58:33 PM: INFO: ******** Providing Customer Email for Search **********
05/31/2023 02:58:33 PM: INFO: ******** Providing Customer Email for Search **********
05/31/2023 02:58:36 PM: INFO: ******** test_searchCustomerByEmail Completed **********
05/31/2023 02:58:36 PM: INFO: ******** test_searchCustomerByEmail Completed **********
05/31/2023 02:58:36 PM: INFO: ******** test_searchCustomerByEmail Completed **********
05/31/2023 02:58:36 PM: INFO: ******** test_searchCustomerByEmail Completed **********
05/31/2023 02:58:39 PM: INFO: Applicable driver not found; attempting to install with Selenium Manager (Beta)
05/31/2023 02:58:39 PM: INFO: Applicable driver not found; attempting to install with Selenium Manager (Beta)
05/31/2023 02:58:39 PM: INFO: Applicable driver not found; attempting to install with Selenium Manager (Beta)
05/31/2023 02:58:39 PM: INFO: Applicable driver not found; attempting to install with Selenium Manager (Beta)
05/31/2023 02:58:40 PM: INFO: ********Test_004_SearchCustomer**********
05/31/2023 02:58:40 PM: INFO: ********Test_004_SearchCustomer**********
05/31/2023 02:58:40 PM: INFO: ********Test_004_SearchCustomer**********
05/31/2023 02:58:40 PM: INFO: ********Test_004_SearchCustomer**********
05/31/2023 02:58:40 PM: INFO: ********test_searchCustomerByName**********
05/31/2023 02:58:40 PM: INFO: ********test_searchCustomerByName**********
05/31/2023 02:58:40 PM: INFO: ********test_searchCustomerByName**********
05/31/2023 02:58:40 PM: INFO: ********test_searchCustomerByName**********
05/31/2023 02:58:45 PM: INFO: ******** Login Successful **********
05/31/2023 02:58:45 PM: INFO: ******** Login Successful **********
05/31/2023 02:58:45 PM: INFO: ******** Login Successful **********
05/31/2023 02:58:45 PM: INFO: ******** Login Successful **********
05/31/2023 02:58:45 PM: INFO: ******** Starting Search Customer by Name Test **********
05/31/2023 02:58:45 PM: INFO: ******** Starting Search Customer by Name Test **********
05/31/2023 02:58:45 PM: INFO: ******** Starting Search Customer by Name Test **********
05/31/2023 02:58:45 PM: INFO: ******** Starting Search Customer by Name Test **********
05/31/2023 02:58:50 PM: INFO: ******** Providing Customer Name for Search **********
05/31/2023 02:58:50 PM: INFO: ******** Providing Customer Name for Search **********
05/31/2023 02:58:50 PM: INFO: ******** Providing Customer Name for Search **********
05/31/2023 02:58:50 PM: INFO: ******** Providing Customer Name for Search **********
05/31/2023 02:58:53 PM: INFO: ******** test_searchCustomerByName Completed **********
05/31/2023 02:58:53 PM: INFO: ******** test_searchCustomerByName Completed **********
05/31/2023 02:58:53 PM: INFO: ******** test_searchCustomerByName Completed **********
05/31/2023 02:58:53 PM: INFO: ******** test_searchCustomerByName Completed **********
05/31/2023 03:02:22 PM: INFO: Applicable driver not found; attempting to install with Selenium Manager (Beta)
05/31/2023 03:02:22 PM: INFO: Applicable driver not found; attempting to install with Selenium Manager (Beta)
05/31/2023 03:02:22 PM: INFO: Applicable driver not found; attempting to install with Selenium Manager (Beta)
05/31/2023 03:02:22 PM: INFO: Applicable driver not found; attempting to install with Selenium Manager (Beta)
05/31/2023 03:02:28 PM: INFO: ********Test_001_Login**********
05/31/2023 03:02:28 PM: INFO: ********Test_001_Login**********
05/31/2023 03:02:28 PM: INFO: ********Test_001_Login**********
05/31/2023 03:02:28 PM: INFO: ********Test_001_Login**********
05/31/2023 03:02:28 PM: INFO: ********test_homePageTitle**********
05/31/2023 03:02:28 PM: INFO: ********test_homePageTitle**********
05/31/2023 03:02:28 PM: INFO: ********test_homePageTitle**********
05/31/2023 03:02:28 PM: INFO: ********test_homePageTitle**********
05/31/2023 03:02:30 PM: INFO: ********test_homePageTitle Passed**********
05/31/2023 03:02:30 PM: INFO: ********test_homePageTitle Passed**********
05/31/2023 03:02:30 PM: INFO: ********test_homePageTitle Passed**********
05/31/2023 03:02:30 PM: INFO: ********test_homePageTitle Passed**********
05/31/2023 03:02:31 PM: INFO: Applicable driver not found; attempting to install with Selenium Manager (Beta)
05/31/2023 03:02:31 PM: INFO: Applicable driver not found; attempting to install with Selenium Manager (Beta)
05/31/2023 03:02:31 PM: INFO: Applicable driver not found; attempting to install with Selenium Manager (Beta)
05/31/2023 03:02:31 PM: INFO: Applicable driver not found; attempting to install with Selenium Manager (Beta)
05/31/2023 03:02:37 PM: INFO: ********Test_001_Login**********
05/31/2023 03:02:37 PM: INFO: ********Test_001_Login**********
05/31/2023 03:02:37 PM: INFO: ********Test_001_Login**********
05/31/2023 03:02:37 PM: INFO: ********Test_001_Login**********
05/31/2023 03:02:37 PM: INFO: ********test_login**********
05/31/2023 03:02:37 PM: INFO: ********test_login**********
05/31/2023 03:02:37 PM: INFO: ********test_login**********
05/31/2023 03:02:37 PM: INFO: ********test_login**********
05/31/2023 03:02:42 PM: INFO: ********test_login Passed**********
05/31/2023 03:02:42 PM: INFO: ********test_login Passed**********
05/31/2023 03:02:42 PM: INFO: ********test_login Passed**********
05/31/2023 03:02:42 PM: INFO: ********test_login Passed**********
05/31/2023 03:02:43 PM: INFO: Applicable driver not found; attempting to install with Selenium Manager (Beta)
05/31/2023 03:02:43 PM: INFO: Applicable driver not found; attempting to install with Selenium Manager (Beta)
05/31/2023 03:02:43 PM: INFO: Applicable driver not found; attempting to install with Selenium Manager (Beta)
05/31/2023 03:02:43 PM: INFO: Applicable driver not found; attempting to install with Selenium Manager (Beta)
05/31/2023 03:02:48 PM: INFO: ********Test_002_DDT_Login**********
05/31/2023 03:02:48 PM: INFO: ********Test_002_DDT_Login**********
05/31/2023 03:02:48 PM: INFO: ********Test_002_DDT_Login**********
05/31/2023 03:02:48 PM: INFO: ********Test_002_DDT_Login**********
05/31/2023 03:02:48 PM: INFO: ********test_login_ddt**********
05/31/2023 03:02:48 PM: INFO: ********test_login_ddt**********
05/31/2023 03:02:48 PM: INFO: ********test_login_ddt**********
05/31/2023 03:02:48 PM: INFO: ********test_login_ddt**********
05/31/2023 03:02:58 PM: INFO: ******** Passed **********
05/31/2023 03:02:58 PM: INFO: ******** Passed **********
05/31/2023 03:02:58 PM: INFO: ******** Passed **********
05/31/2023 03:02:58 PM: INFO: ******** Passed **********
05/31/2023 03:03:05 PM: INFO: ******** Passed **********
05/31/2023 03:03:05 PM: INFO: ******** Passed **********
05/31/2023 03:03:05 PM: INFO: ******** Passed **********
05/31/2023 03:03:05 PM: INFO: ******** Passed **********
05/31/2023 03:03:10 PM: INFO: ******** Passed **********
05/31/2023 03:03:10 PM: INFO: ******** Passed **********
05/31/2023 03:03:10 PM: INFO: ******** Passed **********
05/31/2023 03:03:10 PM: INFO: ******** Passed **********
05/31/2023 03:03:15 PM: INFO: ******** Passed **********
05/31/2023 03:03:15 PM: INFO: ******** Passed **********
05/31/2023 03:03:15 PM: INFO: ******** Passed **********
05/31/2023 03:03:15 PM: INFO: ******** Passed **********
05/31/2023 03:03:15 PM: INFO: **** Login DDT test Passed *****
05/31/2023 03:03:15 PM: INFO: **** Login DDT test Passed *****
05/31/2023 03:03:15 PM: INFO: **** Login DDT test Passed *****
05/31/2023 03:03:15 PM: INFO: **** Login DDT test Passed *****
05/31/2023 03:03:17 PM: INFO: Applicable driver not found; attempting to install with Selenium Manager (Beta)
05/31/2023 03:03:17 PM: INFO: Applicable driver not found; attempting to install with Selenium Manager (Beta)
05/31/2023 03:03:17 PM: INFO: Applicable driver not found; attempting to install with Selenium Manager (Beta)
05/31/2023 03:03:17 PM: INFO: Applicable driver not found; attempting to install with Selenium Manager (Beta)
05/31/2023 03:03:22 PM: INFO: ********Test_004_SearchCustomer**********
05/31/2023 03:03:22 PM: INFO: ********Test_004_SearchCustomer**********
05/31/2023 03:03:22 PM: INFO: ********Test_004_SearchCustomer**********
05/31/2023 03:03:22 PM: INFO: ********Test_004_SearchCustomer**********
05/31/2023 03:03:22 PM: INFO: ********test_searchCustomerByEmail**********
05/31/2023 03:03:22 PM: INFO: ********test_searchCustomerByEmail**********
05/31/2023 03:03:22 PM: INFO: ********test_searchCustomerByEmail**********
05/31/2023 03:03:22 PM: INFO: ********test_searchCustomerByEmail**********
05/31/2023 03:03:27 PM: INFO: ******** Login Successful **********
05/31/2023 03:03:27 PM: INFO: ******** Login Successful **********
05/31/2023 03:03:27 PM: INFO: ******** Login Successful **********
05/31/2023 03:03:27 PM: INFO: ******** Login Successful **********
05/31/2023 03:03:27 PM: INFO: ******** Starting Search Customer by Email Test **********
05/31/2023 03:03:27 PM: INFO: ******** Starting Search Customer by Email Test **********
05/31/2023 03:03:27 PM: INFO: ******** Starting Search Customer by Email Test **********
05/31/2023 03:03:27 PM: INFO: ******** Starting Search Customer by Email Test **********
05/31/2023 03:03:28 PM: INFO: Applicable driver not found; attempting to install with Selenium Manager (Beta)
05/31/2023 03:03:28 PM: INFO: Applicable driver not found; attempting to install with Selenium Manager (Beta)
05/31/2023 03:03:28 PM: INFO: Applicable driver not found; attempting to install with Selenium Manager (Beta)
05/31/2023 03:03:28 PM: INFO: Applicable driver not found; attempting to install with Selenium Manager (Beta)
05/31/2023 03:03:34 PM: INFO: ********Test_004_SearchCustomer**********
05/31/2023 03:03:34 PM: INFO: ********Test_004_SearchCustomer**********
05/31/2023 03:03:34 PM: INFO: ********Test_004_SearchCustomer**********
05/31/2023 03:03:34 PM: INFO: ********Test_004_SearchCustomer**********
05/31/2023 03:03:34 PM: INFO: ********test_searchCustomerByName**********
05/31/2023 03:03:34 PM: INFO: ********test_searchCustomerByName**********
05/31/2023 03:03:34 PM: INFO: ********test_searchCustomerByName**********
05/31/2023 03:03:34 PM: INFO: ********test_searchCustomerByName**********
05/31/2023 03:03:39 PM: INFO: ******** Login Successful **********
05/31/2023 03:03:39 PM: INFO: ******** Login Successful **********
05/31/2023 03:03:39 PM: INFO: ******** Login Successful **********
05/31/2023 03:03:39 PM: INFO: ******** Login Successful **********
05/31/2023 03:03:39 PM: INFO: ******** Starting Search Customer by Name Test **********
05/31/2023 03:03:39 PM: INFO: ******** Starting Search Customer by Name Test **********
05/31/2023 03:03:39 PM: INFO: ******** Starting Search Customer by Name Test **********
05/31/2023 03:03:39 PM: INFO: ******** Starting Search Customer by Name Test **********
05/31/2023 03:03:43 PM: INFO: ******** Providing Customer Name for Search **********
05/31/2023 03:03:43 PM: INFO: ******** Providing Customer Name for Search **********
05/31/2023 03:03:43 PM: INFO: ******** Providing Customer Name for Search **********
05/31/2023 03:03:43 PM: INFO: ******** Providing Customer Name for Search **********
05/31/2023 03:03:46 PM: INFO: ******** test_searchCustomerByName Completed **********
05/31/2023 03:03:46 PM: INFO: ******** test_searchCustomerByName Completed **********
05/31/2023 03:03:46 PM: INFO: ******** test_searchCustomerByName Completed **********
05/31/2023 03:03:46 PM: INFO: ******** test_searchCustomerByName Completed **********
